<?xml version="1.0" encoding="UTF-8"?>
<testsuite xmlns:xsi="http://www.w3.org/2001/XMLSchema-instance" xsi:noNamespaceSchemaLocation="https://maven.apache.org/surefire/maven-surefire-plugin/xsd/surefire-test-report-3.0.xsd" version="3.0" name="fr.hetic.ConvertisseurRomainTest" time="0.036" tests="15" errors="0" skipped="0" failures="0">
  <properties>
    <property name="java.specification.version" value="21"/>
    <property name="sun.cpu.isalist" value="amd64"/>
    <property name="sun.jnu.encoding" value="Cp1252"/>
    <property name="java.class.path" value="C:\Users\charl\Documents\Cours\HETIC A4\Test\Deuxième rendu\target\test-classes;C:\Users\charl\Documents\Cours\HETIC A4\Test\Deuxième rendu\target\classes;C:\Users\charl\.m2\repository\org\junit\jupiter\junit-jupiter-api\5.10.1\junit-jupiter-api-5.10.1.jar;C:\Users\charl\.m2\repository\org\opentest4j\opentest4j\1.3.0\opentest4j-1.3.0.jar;C:\Users\charl\.m2\repository\org\junit\platform\junit-platform-commons\1.10.1\junit-platform-commons-1.10.1.jar;C:\Users\charl\.m2\repository\org\apiguardian\apiguardian-api\1.1.2\apiguardian-api-1.1.2.jar;C:\Users\charl\.m2\repository\org\junit\jupiter\junit-jupiter-engine\5.10.1\junit-jupiter-engine-5.10.1.jar;C:\Users\charl\.m2\repository\org\junit\platform\junit-platform-engine\1.10.1\junit-platform-engine-1.10.1.jar;C:\Users\charl\.m2\repository\org\assertj\assertj-core\3.25.1\assertj-core-3.25.1.jar;C:\Users\charl\.m2\repository\net\bytebuddy\byte-buddy\1.14.11\byte-buddy-1.14.11.jar;"/>
    <property name="java.vm.vendor" value="Eclipse Adoptium"/>
    <property name="sun.arch.data.model" value="64"/>
    <property name="user.variant" value=""/>
    <property name="java.vendor.url" value="https://adoptium.net/"/>
    <property name="user.timezone" value="Europe/Paris"/>
    <property name="os.name" value="Windows 11"/>
    <property name="java.vm.specification.version" value="21"/>
    <property name="sun.java.launcher" value="SUN_STANDARD"/>
    <property name="user.country" value="FR"/>
    <property name="sun.boot.library.path" value="C:\Program Files\Eclipse Adoptium\jdk-21.0.2.13-hotspot\bin"/>
    <property name="sun.java.command" value="C:\Users\charl\AppData\Local\Temp\surefire1160317468666821862\surefirebooter-20240627161302427_3.jar C:\Users\charl\AppData\Local\Temp\surefire1160317468666821862 2024-06-27T16-13-02_311-jvmRun1 surefire-20240627161302427_1tmp surefire_0-20240627161302427_2tmp"/>
    <property name="jdk.debug" value="release"/>
    <property name="surefire.test.class.path" value="C:\Users\charl\Documents\Cours\HETIC A4\Test\Deuxième rendu\target\test-classes;C:\Users\charl\Documents\Cours\HETIC A4\Test\Deuxième rendu\target\classes;C:\Users\charl\.m2\repository\org\junit\jupiter\junit-jupiter-api\5.10.1\junit-jupiter-api-5.10.1.jar;C:\Users\charl\.m2\repository\org\opentest4j\opentest4j\1.3.0\opentest4j-1.3.0.jar;C:\Users\charl\.m2\repository\org\junit\platform\junit-platform-commons\1.10.1\junit-platform-commons-1.10.1.jar;C:\Users\charl\.m2\repository\org\apiguardian\apiguardian-api\1.1.2\apiguardian-api-1.1.2.jar;C:\Users\charl\.m2\repository\org\junit\jupiter\junit-jupiter-engine\5.10.1\junit-jupiter-engine-5.10.1.jar;C:\Users\charl\.m2\repository\org\junit\platform\junit-platform-engine\1.10.1\junit-platform-engine-1.10.1.jar;C:\Users\charl\.m2\repository\org\assertj\assertj-core\3.25.1\assertj-core-3.25.1.jar;C:\Users\charl\.m2\repository\net\bytebuddy\byte-buddy\1.14.11\byte-buddy-1.14.11.jar;"/>
    <property name="sun.cpu.endian" value="little"/>
    <property name="user.home" value="C:\Users\charl"/>
    <property name="user.language" value="fr"/>
    <property name="java.specification.vendor" value="Oracle Corporation"/>
    <property name="java.version.date" value="2024-01-16"/>
    <property name="java.home" value="C:\Program Files\Eclipse Adoptium\jdk-21.0.2.13-hotspot"/>
    <property name="file.separator" value="\"/>
    <property name="basedir" value="C:\Users\charl\Documents\Cours\HETIC A4\Test\Deuxième rendu"/>
    <property name="java.vm.compressedOopsMode" value="Zero based"/>
    <property name="line.separator" value="&#10;"/>
    <property name="java.vm.specification.vendor" value="Oracle Corporation"/>
    <property name="java.specification.name" value="Java Platform API Specification"/>
    <property name="surefire.real.class.path" value="C:\Users\charl\AppData\Local\Temp\surefire1160317468666821862\surefirebooter-20240627161302427_3.jar"/>
    <property name="user.script" value=""/>
    <property name="sun.management.compiler" value="HotSpot 64-Bit Tiered Compilers"/>
    <property name="java.runtime.version" value="21.0.2+13-LTS"/>
    <property name="user.name" value="charl"/>
    <property name="stdout.encoding" value="Cp1252"/>
    <property name="path.separator" value=";"/>
    <property name="os.version" value="10.0"/>
    <property name="java.runtime.name" value="OpenJDK Runtime Environment"/>
    <property name="file.encoding" value="UTF-8"/>
    <property name="java.vm.name" value="OpenJDK 64-Bit Server VM"/>
    <property name="java.vendor.version" value="Temurin-21.0.2+13"/>
    <property name="localRepository" value="C:\Users\charl\.m2\repository"/>
    <property name="java.vendor.url.bug" value="https://github.com/adoptium/adoptium-support/issues"/>
    <property name="java.io.tmpdir" value="C:\Users\charl\AppData\Local\Temp\"/>
    <property name="java.version" value="21.0.2"/>
    <property name="user.dir" value="C:\Users\charl\Documents\Cours\HETIC A4\Test\Deuxième rendu"/>
    <property name="os.arch" value="amd64"/>
    <property name="java.vm.specification.name" value="Java Virtual Machine Specification"/>
    <property name="sun.os.patch.level" value=""/>
    <property name="native.encoding" value="Cp1252"/>
    <property name="java.library.path" value="C:\Program Files\Eclipse Adoptium\jdk-21.0.2.13-hotspot\bin;C:\Windows\Sun\Java\bin;C:\Windows\system32;C:\Windows;C:\Program Files\Eclipse Adoptium\jdk-21.0.2.13-hotspot\bin;C:\Program Files\Common Files\Oracle\Java\javapath;C:\Windows\system32;C:\Windows;C:\Windows\System32\Wbem;C:\Windows\System32\WindowsPowerShell\v1.0\;C:\Windows\System32\OpenSSH\;C:\Program Files\dotnet\;C:\Program Files\nodejs\;C:\ProgramData\chocolatey\bin;C:\Program Files\Git\cmd;C:\Program Files\PuTTY\;C:\Program Files\Docker\Docker\resources\bin;C:\Program Files (x86)\dotnet\;C:\Program Files\Amazon\AWSCLIV2\;C:\ProgramData\ComposerSetup\bin;C:\wamp64\bin\php\php8.3.0;C:\Program Files\Go\bin;C:\Users\charl\AppData\Local\Microsoft\WindowsApps;C:\Users\charl\AppData\Local\Programs\Microsoft VS Code\bin;C:\Users\charl\AppData\Roaming\npm;C:\Users\charl\AppData\Local\Programs\Python\Python311\python.exe;C:\Users\charl\AppData\Local\GitHubDesktop\bin;C:\Users\charl\AppData\Local\Packages\PythonSoftwareFoundation.Python.3.11_qbz5n2kfra8p0\LocalCache\local-packages\Python311\Scripts\;C:\Users\charl\AppData\Local\Microsoft\WinGet\Packages\Gyan.FFmpeg_Microsoft.Winget.Source_8wekyb3d8bbwe\ffmpeg-6.1.1-full_build\bin;C:\exe\apache-maven-3.9.6\bin;C:\Program Files\Java;C:\Users\charl\AppData\Roaming\Composer\vendor\bin;C:\Users\charl\go\bin;."/>
    <property name="java.vm.info" value="mixed mode, sharing"/>
    <property name="stderr.encoding" value="Cp1252"/>
    <property name="java.vendor" value="Eclipse Adoptium"/>
    <property name="java.vm.version" value="21.0.2+13-LTS"/>
    <property name="sun.io.unicode.encoding" value="UnicodeLittle"/>
    <property name="java.class.version" value="65.0"/>
  </properties>
  <testcase name="doitConvertir13EnXIII" classname="fr.hetic.ConvertisseurRomainTest" time="0.001"/>
  <testcase name="doitConvertir100EnC" classname="fr.hetic.ConvertisseurRomainTest" time="0.002"/>
  <testcase name="doitConvertir40EnXL" classname="fr.hetic.ConvertisseurRomainTest" time="0.001"/>
  <testcase name="doitConvertir500EnD" classname="fr.hetic.ConvertisseurRomainTest" time="0.002"/>
  <testcase name="doitConvertir90EnXC" classname="fr.hetic.ConvertisseurRomainTest" time="0.001"/>
  <testcase name="doitConvertir30EnXXX" classname="fr.hetic.ConvertisseurRomainTest" time="0.001"/>
  <testcase name="doitConvertir400EnCD" classname="fr.hetic.ConvertisseurRomainTest" time="0.001"/>
  <testcase name="doitConvertir900EnCM" classname="fr.hetic.ConvertisseurRomainTest" time="0.002"/>
  <testcase name="doitLancerExceptionPourNombreSuperieurA2000" classname="fr.hetic.ConvertisseurRomainTest" time="0.007"/>
  <testcase name="doitConvertir1042EnMXLII" classname="fr.hetic.ConvertisseurRomainTest" time="0.002"/>
  <testcase name="doitConvertir1000EnM" classname="fr.hetic.ConvertisseurRomainTest" time="0.0"/>
  <testcase name="doitConvertir2EnII" classname="fr.hetic.ConvertisseurRomainTest" time="0.001"/>
  <testcase name="doitConvertir50EnL" classname="fr.hetic.ConvertisseurRomainTest" time="0.0"/>
  <testcase name="doitConvertir6EnVI" classname="fr.hetic.ConvertisseurRomainTest" time="0.0"/>
  <testcase name="doitLancerExceptionPourZeroOuNegatif" classname="fr.hetic.ConvertisseurRomainTest" time="0.003"/>
</testsuite>